2020-06-20 12:25:13 INFO  Devtools property defaults active! Set 'spring.devtools.add-properties' to 'false' to disable
2020-06-20 12:25:13 INFO  For additional web related logging consider setting the 'logging.level.web' property to 'DEBUG'
2020-06-20 12:25:15 INFO  Tomcat initialized with port(s): 8080 (http)
2020-06-20 12:25:15 INFO  Root WebApplicationContext: initialization completed in 2382 ms
2020-06-20 12:25:23 INFO  LiveReload server is running on port 35729
2020-06-20 12:25:23 WARN  spring.jpa.open-in-view is enabled by default. Therefore, database queries may be performed during view rendering. Explicitly configure spring.jpa.open-in-view to disable this warning
2020-06-20 12:25:24 INFO  Tomcat started on port(s): 8080 (http) with context path ''
2020-06-20 12:31:10 INFO  Devtools property defaults active! Set 'spring.devtools.add-properties' to 'false' to disable
2020-06-20 12:31:10 INFO  For additional web related logging consider setting the 'logging.level.web' property to 'DEBUG'
2020-06-20 12:31:13 INFO  Tomcat initialized with port(s): 8080 (http)
2020-06-20 12:31:13 INFO  Root WebApplicationContext: initialization completed in 2229 ms
2020-06-20 12:31:19 INFO  LiveReload server is running on port 35729
2020-06-20 12:31:19 WARN  spring.jpa.open-in-view is enabled by default. Therefore, database queries may be performed during view rendering. Explicitly configure spring.jpa.open-in-view to disable this warning
2020-06-20 12:31:20 INFO  Tomcat started on port(s): 8080 (http) with context path ''
2020-06-20 13:17:39 INFO  Devtools property defaults active! Set 'spring.devtools.add-properties' to 'false' to disable
2020-06-20 13:17:39 INFO  For additional web related logging consider setting the 'logging.level.web' property to 'DEBUG'
2020-06-20 13:17:40 INFO  Tomcat initialized with port(s): 8080 (http)
2020-06-20 13:17:40 INFO  Root WebApplicationContext: initialization completed in 1549 ms
2020-06-20 13:17:47 INFO  LiveReload server is running on port 35729
2020-06-20 13:17:47 WARN  spring.jpa.open-in-view is enabled by default. Therefore, database queries may be performed during view rendering. Explicitly configure spring.jpa.open-in-view to disable this warning
2020-06-20 13:17:48 INFO  Tomcat started on port(s): 8080 (http) with context path ''
